<?xml version="1.0" encoding="UTF-8"?>
<coverage generated="1720623813224" clover="3.2.0">
  <project timestamp="1720623813224" name="All files">
    <metrics statements="0" coveredstatements="0" conditionals="0" coveredconditionals="0" methods="0" coveredmethods="0" elements="0" coveredelements="0" complexity="0" loc="0" ncloc="0" packages="1" files="1" classes="1"/>
    <file name="env.d.ts" path="/Users/t0nylombardi/dev/flatiron/phase-2/flatiron-react-project/fbi_most_wanted_frontend/src/env.d.ts">
      <metrics statements="0" coveredstatements="0" conditionals="0" coveredconditionals="0" methods="0" coveredmethods="0"/>
    </file>
  </project>
</coverage>
